\BOOKMARK [0][-]{Doc-Start}{Dedicatoria}{}% 1
\BOOKMARK [0][-]{Doc-Start}{Agradecimientos}{}% 2
\BOOKMARK [0][-]{Doc-Start}{Resumen}{}% 3
\BOOKMARK [0][-]{Doc-Start}{Abstract}{}% 4
\BOOKMARK [0][-]{Doc-Start}{Lista de s\355mbolos}{}% 5
\BOOKMARK [0][-]{chapter*.1}{\315ndice de Figuras}{}% 6
\BOOKMARK [0][-]{chapter*.2}{\315ndice de Tablas}{}% 7
\BOOKMARK [0][-]{chapter.1}{Introducci\363n}{}% 8
\BOOKMARK [1][-]{section.1.1}{Justificaci\363n de la investigaci\363n}{chapter.1}% 9
\BOOKMARK [1][-]{section.1.2}{Formulaci\363n del problema}{chapter.1}% 10
\BOOKMARK [1][-]{section.1.3}{Hip\363tesis}{chapter.1}% 11
\BOOKMARK [1][-]{section.1.4}{Objetivos}{chapter.1}% 12
\BOOKMARK [2][-]{subsection.1.4.1}{Generales}{section.1.4}% 13
\BOOKMARK [2][-]{subsection.1.4.2}{Espec\355ficos}{section.1.4}% 14
\BOOKMARK [1][-]{section.1.5}{Estructura de la tesis}{chapter.1}% 15
\BOOKMARK [0][-]{chapter.2}{Materiales y m\351todos}{}% 16
\BOOKMARK [1][-]{section.2.1}{Marco te\363rico}{chapter.2}% 17
\BOOKMARK [2][-]{subsection.2.1.1}{Optimizaci\363n combinatoria y complejidad computacional}{section.2.1}% 18
\BOOKMARK [3][-]{subsubsection.2.1.1.1}{Problemas combinatorios}{subsection.2.1.1}% 19
\BOOKMARK [3][-]{subsubsection.2.1.1.2}{Heur\355sticas y metaheur\355sticas}{subsection.2.1.1}% 20
\BOOKMARK [2][-]{subsection.2.1.2}{Sustentabilidad}{section.2.1}% 21
\BOOKMARK [2][-]{subsection.2.1.3}{Log\355stica directa y reversa}{section.2.1}% 22
\BOOKMARK [3][-]{subsubsection.2.1.3.1}{Log\355stica directa}{subsection.2.1.3}% 23
\BOOKMARK [3][-]{subsubsection.2.1.3.2}{Log\355stica reversa}{subsection.2.1.3}% 24
\BOOKMARK [3][-]{subsubsection.2.1.3.3}{Modelos}{subsection.2.1.3}% 25
\BOOKMARK [2][-]{subsection.2.1.4}{Modelamiento y ruteo }{section.2.1}% 26
\BOOKMARK [3][-]{subsubsection.2.1.4.1}{Modelos utilizados en los problemas de ruteo de veh\355culo }{subsection.2.1.4}% 27
\BOOKMARK [1][-]{section.2.2}{M\351todo de la investigaci\363n}{chapter.2}% 28
\BOOKMARK [0][-]{chapter.3}{Nombre de la propuesta o tema central de la tesis}{}% 29
\BOOKMARK [1][-]{section.3.1}{Proceso de modelamiento}{chapter.3}% 30
\BOOKMARK [2][-]{subsection.3.1.1}{Proceso de ruteo}{section.3.1}% 31
\BOOKMARK [1][-]{section.3.2}{Implementaci\363n}{chapter.3}% 32
\BOOKMARK [0][-]{chapter.4}{Resultados y discusi\363n de la tesis}{}% 33
\BOOKMARK [1][-]{section.4.1}{Te\363ricos}{chapter.4}% 34
\BOOKMARK [1][-]{section.4.2}{Computacionales}{chapter.4}% 35
\BOOKMARK [0][-]{chapter.5}{Consideraciones finales}{}% 36
\BOOKMARK [1][-]{section.5.1}{Conclusiones}{chapter.5}% 37
\BOOKMARK [1][-]{section.5.2}{Trabajos futuros}{chapter.5}% 38
\BOOKMARK [0][-]{section.5.2}{Referencias bibliogr\341ficas}{}% 39
\BOOKMARK [0][-]{appendix.Alph1}{Primer apendice}{}% 40
\BOOKMARK [0][-]{appendix.Alph2}{Segundo apendice}{}% 41
\BOOKMARK [0][-]{appendix.Alph3}{Tercer apendice}{}% 42
